Arguments: 
  C:\Program Files\nodejs\node.exe C:\Program Files (x86)\Yarn\bin\yarn.js add @types/react-reveal

PATH: 
  C:\Program Files\Git\mingw64\bin;C:\Program Files\Git\usr\bin;C:\Users\703922\bin;C:\Program Files\Java\jdk1.8.0_251\bin;C:\Program Files (x86)\Common Files\Oracle\Java\javapath;C:\app\703922\dbhomeXE\bin;C:\WINDOWS\system32;C:\WINDOWS;C:\WINDOWS\System32\Wbem;C:\WINDOWS\System32\WindowsPowerShell\v1.0;C:\WINDOWS\System32\OpenSSH;C:\Program Files (x86)\Brackets\command;C:\Program Files\nodejs;C:\Program Files\Git\cmd;C:\Program Files (x86)\Yarn\bin;C:\Program Files\MySQL\MySQL Server 8.0\bin;C:\Users\703922\AppData\Local\Programs\Python\Python38-32;C:\Users\703922\AppData\Local\Programs\Python\Python38-32\Scripts;C:\Program Files\MySQL\MySQL Shell 8.0\bin;C:\Users\703922\AppData\Local\Microsoft\WindowsApps;C:\Users\703922\AppData\Local\atom\bin;C:\Users\703922\AppData\Local\Programs\Microsoft VS Code\bin;C:\Users\703922\AppData\Local\GitHubDesktop\bin;C:\Users\703922\AppData\Roaming\npm;C:\Users\703922\AppData\Local\Yarn\bin;C:\Program Files\JetBrains\PyCharm 2020.2.1\bin;C:\Program Files\JetBrains\PyCharm Community Edition 2020.2.1\bin;C:\Program Files\heroku\bin;C:\Program Files\heroku\bin

Yarn version: 
  1.22.4

Node version: 
  12.18.0

Platform: 
  win32 x64

Trace: 
  Error: https://registry.yarnpkg.com/@types%2freact-reveal: Not found
      at Request.params.callback [as _callback] (C:\Program Files (x86)\Yarn\lib\cli.js:66096:18)
      at Request.self.callback (C:\Program Files (x86)\Yarn\lib\cli.js:140748:22)
      at Request.emit (events.js:315:20)
      at Request.<anonymous> (C:\Program Files (x86)\Yarn\lib\cli.js:141720:10)
      at Request.emit (events.js:315:20)
      at IncomingMessage.<anonymous> (C:\Program Files (x86)\Yarn\lib\cli.js:141642:12)
      at Object.onceWrapper (events.js:421:28)
      at IncomingMessage.emit (events.js:327:22)
      at endReadableNT (_stream_readable.js:1221:12)
      at processTicksAndRejections (internal/process/task_queues.js:84:21)

npm manifest: 
  No manifest

yarn manifest: 
  No manifest

Lockfile: 
  No lockfile
